Determining if the function sgemm_ exists failed with the following output:
Change Dir: /home/helloworld/szy/single_cam/build/CMakeFiles/CMakeTmp

Run Build Command(s):/usr/bin/make -f Makefile cmTC_afb81/fast && /usr/bin/make  -f CMakeFiles/cmTC_afb81.dir/build.make CMakeFiles/cmTC_afb81.dir/build
make[1]: Entering directory '/home/helloworld/szy/single_cam/build/CMakeFiles/CMakeTmp'
Building C object CMakeFiles/cmTC_afb81.dir/CheckFunctionExists.c.o
/usr/bin/gcc   -DCHECK_FUNCTION_EXISTS=sgemm_ -o CMakeFiles/cmTC_afb81.dir/CheckFunctionExists.c.o -c /usr/local/share/cmake-3.22/Modules/CheckFunctionExists.c
Linking C executable cmTC_afb81
/usr/local/bin/cmake -E cmake_link_script CMakeFiles/cmTC_afb81.dir/link.txt --verbose=1
/usr/bin/gcc  -DCHECK_FUNCTION_EXISTS=sgemm_ -rdynamic CMakeFiles/cmTC_afb81.dir/CheckFunctionExists.c.o -o cmTC_afb81 
CMakeFiles/cmTC_afb81.dir/CheckFunctionExists.c.o: In function `main':
CheckFunctionExists.c:(.text+0x10): undefined reference to `sgemm_'
collect2: error: ld returned 1 exit status
CMakeFiles/cmTC_afb81.dir/build.make:98: recipe for target 'cmTC_afb81' failed
make[1]: *** [cmTC_afb81] Error 1
make[1]: Leaving directory '/home/helloworld/szy/single_cam/build/CMakeFiles/CMakeTmp'
Makefile:127: recipe for target 'cmTC_afb81/fast' failed
make: *** [cmTC_afb81/fast] Error 2



Performing C SOURCE FILE Test CMAKE_HAVE_LIBC_PTHREAD failed with the following output:
Change Dir: /home/helloworld/szy/single_cam/build/CMakeFiles/CMakeTmp

Run Build Command(s):/usr/bin/make -f Makefile cmTC_18492/fast && /usr/bin/make  -f CMakeFiles/cmTC_18492.dir/build.make CMakeFiles/cmTC_18492.dir/build
make[1]: Entering directory '/home/helloworld/szy/single_cam/build/CMakeFiles/CMakeTmp'
Building C object CMakeFiles/cmTC_18492.dir/src.c.o
/usr/bin/gcc -DCMAKE_HAVE_LIBC_PTHREAD   -o CMakeFiles/cmTC_18492.dir/src.c.o -c /home/helloworld/szy/single_cam/build/CMakeFiles/CMakeTmp/src.c
Linking C executable cmTC_18492
/usr/local/bin/cmake -E cmake_link_script CMakeFiles/cmTC_18492.dir/link.txt --verbose=1
/usr/bin/gcc -rdynamic CMakeFiles/cmTC_18492.dir/src.c.o -o cmTC_18492 
CMakeFiles/cmTC_18492.dir/src.c.o: In function `main':
src.c:(.text+0x3e): undefined reference to `pthread_create'
src.c:(.text+0x4a): undefined reference to `pthread_detach'
src.c:(.text+0x56): undefined reference to `pthread_cancel'
src.c:(.text+0x67): undefined reference to `pthread_join'
src.c:(.text+0x7b): undefined reference to `pthread_atfork'
collect2: error: ld returned 1 exit status
CMakeFiles/cmTC_18492.dir/build.make:98: recipe for target 'cmTC_18492' failed
make[1]: *** [cmTC_18492] Error 1
make[1]: Leaving directory '/home/helloworld/szy/single_cam/build/CMakeFiles/CMakeTmp'
Makefile:127: recipe for target 'cmTC_18492/fast' failed
make: *** [cmTC_18492/fast] Error 2


Source file was:
#include <pthread.h>

static void* test_func(void* data)
{
  return data;
}

int main(void)
{
  pthread_t thread;
  pthread_create(&thread, NULL, test_func, NULL);
  pthread_detach(thread);
  pthread_cancel(thread);
  pthread_join(thread, NULL);
  pthread_atfork(NULL, NULL, NULL);
  pthread_exit(NULL);

  return 0;
}

Determining if the function pthread_create exists in the pthreads failed with the following output:
Change Dir: /home/helloworld/szy/single_cam/build/CMakeFiles/CMakeTmp

Run Build Command(s):/usr/bin/make -f Makefile cmTC_896c8/fast && /usr/bin/make  -f CMakeFiles/cmTC_896c8.dir/build.make CMakeFiles/cmTC_896c8.dir/build
make[1]: Entering directory '/home/helloworld/szy/single_cam/build/CMakeFiles/CMakeTmp'
Building C object CMakeFiles/cmTC_896c8.dir/CheckFunctionExists.c.o
/usr/bin/gcc   -DCHECK_FUNCTION_EXISTS=pthread_create -o CMakeFiles/cmTC_896c8.dir/CheckFunctionExists.c.o -c /usr/local/share/cmake-3.22/Modules/CheckFunctionExists.c
Linking C executable cmTC_896c8
/usr/local/bin/cmake -E cmake_link_script CMakeFiles/cmTC_896c8.dir/link.txt --verbose=1
/usr/bin/gcc  -DCHECK_FUNCTION_EXISTS=pthread_create -rdynamic CMakeFiles/cmTC_896c8.dir/CheckFunctionExists.c.o -o cmTC_896c8  -lpthreads 
/usr/bin/ld: cannot find -lpthreads
collect2: error: ld returned 1 exit status
CMakeFiles/cmTC_896c8.dir/build.make:98: recipe for target 'cmTC_896c8' failed
make[1]: *** [cmTC_896c8] Error 1
make[1]: Leaving directory '/home/helloworld/szy/single_cam/build/CMakeFiles/CMakeTmp'
Makefile:127: recipe for target 'cmTC_896c8/fast' failed
make: *** [cmTC_896c8/fast] Error 2



Determining if the function cheev_ exists failed with the following output:
Change Dir: /home/helloworld/szy/single_cam/build/CMakeFiles/CMakeTmp

Run Build Command(s):/usr/bin/make -f Makefile cmTC_f0876/fast && /usr/bin/make  -f CMakeFiles/cmTC_f0876.dir/build.make CMakeFiles/cmTC_f0876.dir/build
make[1]: Entering directory '/home/helloworld/szy/single_cam/build/CMakeFiles/CMakeTmp'
Building C object CMakeFiles/cmTC_f0876.dir/CheckFunctionExists.c.o
/usr/bin/gcc   -DCHECK_FUNCTION_EXISTS=cheev_ -o CMakeFiles/cmTC_f0876.dir/CheckFunctionExists.c.o -c /usr/local/share/cmake-3.22/Modules/CheckFunctionExists.c
Linking C executable cmTC_f0876
/usr/local/bin/cmake -E cmake_link_script CMakeFiles/cmTC_f0876.dir/link.txt --verbose=1
/usr/bin/gcc  -DCHECK_FUNCTION_EXISTS=cheev_ -rdynamic CMakeFiles/cmTC_f0876.dir/CheckFunctionExists.c.o -o cmTC_f0876  /usr/lib/x86_64-linux-gnu/libblas.so /usr/lib/x86_64-linux-gnu/libf77blas.so /usr/lib/x86_64-linux-gnu/libatlas.so -lpthread -lm -ldl 
CMakeFiles/cmTC_f0876.dir/CheckFunctionExists.c.o: In function `main':
CheckFunctionExists.c:(.text+0x10): undefined reference to `cheev_'
collect2: error: ld returned 1 exit status
CMakeFiles/cmTC_f0876.dir/build.make:101: recipe for target 'cmTC_f0876' failed
make[1]: *** [cmTC_f0876] Error 1
make[1]: Leaving directory '/home/helloworld/szy/single_cam/build/CMakeFiles/CMakeTmp'
Makefile:127: recipe for target 'cmTC_f0876/fast' failed
make: *** [cmTC_f0876/fast] Error 2



Determining if the function cheev_ exists failed with the following output:
Change Dir: /home/helloworld/szy/single_cam/build/CMakeFiles/CMakeTmp

Run Build Command(s):/usr/bin/make -f Makefile cmTC_9838d/fast && /usr/bin/make  -f CMakeFiles/cmTC_9838d.dir/build.make CMakeFiles/cmTC_9838d.dir/build
make[1]: Entering directory '/home/helloworld/szy/single_cam/build/CMakeFiles/CMakeTmp'
Building C object CMakeFiles/cmTC_9838d.dir/CheckFunctionExists.c.o
/usr/bin/gcc   -DCHECK_FUNCTION_EXISTS=cheev_ -o CMakeFiles/cmTC_9838d.dir/CheckFunctionExists.c.o -c /usr/local/share/cmake-3.22/Modules/CheckFunctionExists.c
Linking C executable cmTC_9838d
/usr/local/bin/cmake -E cmake_link_script CMakeFiles/cmTC_9838d.dir/link.txt --verbose=1
/usr/bin/gcc  -DCHECK_FUNCTION_EXISTS=cheev_ -rdynamic CMakeFiles/cmTC_9838d.dir/CheckFunctionExists.c.o -o cmTC_9838d  /usr/lib/x86_64-linux-gnu/liblapack.so /usr/lib/x86_64-linux-gnu/libblas.so /usr/lib/x86_64-linux-gnu/libf77blas.so /usr/lib/x86_64-linux-gnu/libatlas.so -fortranlibs 
gcc: error: unrecognized command line option ‘-fortranlibs’; did you mean ‘-fltrans’?
CMakeFiles/cmTC_9838d.dir/build.make:102: recipe for target 'cmTC_9838d' failed
make[1]: *** [cmTC_9838d] Error 1
make[1]: Leaving directory '/home/helloworld/szy/single_cam/build/CMakeFiles/CMakeTmp'
Makefile:127: recipe for target 'cmTC_9838d/fast' failed
make: *** [cmTC_9838d/fast] Error 2



